<?xml version="1.0" encoding="UTF-8"?>
<testng-results skipped="0" failed="0" ignored="0" total="1" passed="1">
  <reporter-output>
  </reporter-output>
  <suite name="Suite" duration-ms="25972" started-at="2020-06-17T13:42:44 IST" finished-at="2020-06-17T13:43:10 IST">
    <groups>
    </groups>
    <test name="Test" duration-ms="25972" started-at="2020-06-17T13:42:44 IST" finished-at="2020-06-17T13:43:10 IST">
      <class name="testsuite.AddToCart">
        <test-method status="PASS" signature="addToCartScenario()[pri:0, instance:testsuite.AddToCart@4cf777e8]" name="addToCartScenario" duration-ms="25949" started-at="2020-06-17T13:42:44 IST" finished-at="2020-06-17T13:43:10 IST">
          <reporter-output>
          </reporter-output>
        </test-method> <!-- addToCartScenario -->
      </class> <!-- testsuite.AddToCart -->
    </test> <!-- Test -->
  </suite> <!-- Suite -->
</testng-results>
